<?xml version="1.0" encoding="UTF-8"?>
<testsuite xmlns:xsi="http://www.w3.org/2001/XMLSchema-instance" xsi:noNamespaceSchemaLocation="https://maven.apache.org/surefire/maven-surefire-plugin/xsd/surefire-test-report.xsd" name="com.example.demo.KwpInterfaceApplicationTests" time="0.242" tests="1" errors="1" skipped="0" failures="0">
  <properties>
    <property name="sun.desktop" value="windows"/>
    <property name="awt.toolkit" value="sun.awt.windows.WToolkit"/>
    <property name="java.specification.version" value="11"/>
    <property name="sun.cpu.isalist" value="amd64"/>
    <property name="sun.jnu.encoding" value="MS949"/>
    <property name="java.class.path" value="C:\git\SpringBatch\target\test-classes;C:\git\SpringBatch\target\classes;D:\Project\Kia3.0\00.Source\gitMavenRepository\org\springframework\boot\spring-boot-starter-batch\2.6.5\spring-boot-starter-batch-2.6.5.jar;D:\Project\Kia3.0\00.Source\gitMavenRepository\org\springframework\boot\spring-boot-starter\2.6.5\spring-boot-starter-2.6.5.jar;D:\Project\Kia3.0\00.Source\gitMavenRepository\org\springframework\boot\spring-boot\2.6.5\spring-boot-2.6.5.jar;D:\Project\Kia3.0\00.Source\gitMavenRepository\org\springframework\boot\spring-boot-autoconfigure\2.6.5\spring-boot-autoconfigure-2.6.5.jar;D:\Project\Kia3.0\00.Source\gitMavenRepository\org\springframework\boot\spring-boot-starter-logging\2.6.5\spring-boot-starter-logging-2.6.5.jar;D:\Project\Kia3.0\00.Source\gitMavenRepository\ch\qos\logback\logback-classic\1.2.11\logback-classic-1.2.11.jar;D:\Project\Kia3.0\00.Source\gitMavenRepository\ch\qos\logback\logback-core\1.2.11\logback-core-1.2.11.jar;D:\Project\Kia3.0\00.Source\gitMavenRepository\org\apache\logging\log4j\log4j-to-slf4j\2.17.2\log4j-to-slf4j-2.17.2.jar;D:\Project\Kia3.0\00.Source\gitMavenRepository\org\apache\logging\log4j\log4j-api\2.17.2\log4j-api-2.17.2.jar;D:\Project\Kia3.0\00.Source\gitMavenRepository\org\slf4j\jul-to-slf4j\1.7.36\jul-to-slf4j-1.7.36.jar;D:\Project\Kia3.0\00.Source\gitMavenRepository\jakarta\annotation\jakarta.annotation-api\1.3.5\jakarta.annotation-api-1.3.5.jar;D:\Project\Kia3.0\00.Source\gitMavenRepository\org\yaml\snakeyaml\1.29\snakeyaml-1.29.jar;D:\Project\Kia3.0\00.Source\gitMavenRepository\org\springframework\boot\spring-boot-starter-jdbc\2.6.5\spring-boot-starter-jdbc-2.6.5.jar;D:\Project\Kia3.0\00.Source\gitMavenRepository\com\zaxxer\HikariCP\4.0.3\HikariCP-4.0.3.jar;D:\Project\Kia3.0\00.Source\gitMavenRepository\org\springframework\batch\spring-batch-core\4.3.5\spring-batch-core-4.3.5.jar;D:\Project\Kia3.0\00.Source\gitMavenRepository\com\fasterxml\jackson\core\jackson-databind\2.13.2\jackson-databind-2.13.2.jar;D:\Project\Kia3.0\00.Source\gitMavenRepository\com\fasterxml\jackson\core\jackson-annotations\2.13.2\jackson-annotations-2.13.2.jar;D:\Project\Kia3.0\00.Source\gitMavenRepository\com\fasterxml\jackson\core\jackson-core\2.13.2\jackson-core-2.13.2.jar;D:\Project\Kia3.0\00.Source\gitMavenRepository\io\micrometer\micrometer-core\1.8.4\micrometer-core-1.8.4.jar;D:\Project\Kia3.0\00.Source\gitMavenRepository\org\hdrhistogram\HdrHistogram\2.1.12\HdrHistogram-2.1.12.jar;D:\Project\Kia3.0\00.Source\gitMavenRepository\org\latencyutils\LatencyUtils\2.0.3\LatencyUtils-2.0.3.jar;D:\Project\Kia3.0\00.Source\gitMavenRepository\javax\batch\javax.batch-api\1.0\javax.batch-api-1.0.jar;D:\Project\Kia3.0\00.Source\gitMavenRepository\org\codehaus\jettison\jettison\1.2\jettison-1.2.jar;D:\Project\Kia3.0\00.Source\gitMavenRepository\org\springframework\batch\spring-batch-infrastructure\4.3.5\spring-batch-infrastructure-4.3.5.jar;D:\Project\Kia3.0\00.Source\gitMavenRepository\org\springframework\retry\spring-retry\1.3.2\spring-retry-1.3.2.jar;D:\Project\Kia3.0\00.Source\gitMavenRepository\org\springframework\spring-aop\5.3.17\spring-aop-5.3.17.jar;D:\Project\Kia3.0\00.Source\gitMavenRepository\org\springframework\spring-beans\5.3.17\spring-beans-5.3.17.jar;D:\Project\Kia3.0\00.Source\gitMavenRepository\org\springframework\spring-context\5.3.17\spring-context-5.3.17.jar;D:\Project\Kia3.0\00.Source\gitMavenRepository\org\springframework\spring-expression\5.3.17\spring-expression-5.3.17.jar;D:\Project\Kia3.0\00.Source\gitMavenRepository\org\springframework\spring-tx\5.3.17\spring-tx-5.3.17.jar;D:\Project\Kia3.0\00.Source\gitMavenRepository\com\h2database\h2\1.4.200\h2-1.4.200.jar;D:\Project\Kia3.0\00.Source\gitMavenRepository\org\projectlombok\lombok\1.18.22\lombok-1.18.22.jar;D:\Project\Kia3.0\00.Source\gitMavenRepository\org\springframework\boot\spring-boot-starter-test\2.6.5\spring-boot-starter-test-2.6.5.jar;D:\Project\Kia3.0\00.Source\gitMavenRepository\org\springframework\boot\spring-boot-test\2.6.5\spring-boot-test-2.6.5.jar;D:\Project\Kia3.0\00.Source\gitMavenRepository\org\springframework\boot\spring-boot-test-autoconfigure\2.6.5\spring-boot-test-autoconfigure-2.6.5.jar;D:\Project\Kia3.0\00.Source\gitMavenRepository\com\jayway\jsonpath\json-path\2.6.0\json-path-2.6.0.jar;D:\Project\Kia3.0\00.Source\gitMavenRepository\net\minidev\json-smart\2.4.8\json-smart-2.4.8.jar;D:\Project\Kia3.0\00.Source\gitMavenRepository\net\minidev\accessors-smart\2.4.8\accessors-smart-2.4.8.jar;D:\Project\Kia3.0\00.Source\gitMavenRepository\org\ow2\asm\asm\9.1\asm-9.1.jar;D:\Project\Kia3.0\00.Source\gitMavenRepository\org\slf4j\slf4j-api\1.7.36\slf4j-api-1.7.36.jar;D:\Project\Kia3.0\00.Source\gitMavenRepository\jakarta\xml\bind\jakarta.xml.bind-api\2.3.3\jakarta.xml.bind-api-2.3.3.jar;D:\Project\Kia3.0\00.Source\gitMavenRepository\jakarta\activation\jakarta.activation-api\1.2.2\jakarta.activation-api-1.2.2.jar;D:\Project\Kia3.0\00.Source\gitMavenRepository\org\assertj\assertj-core\3.21.0\assertj-core-3.21.0.jar;D:\Project\Kia3.0\00.Source\gitMavenRepository\org\hamcrest\hamcrest\2.2\hamcrest-2.2.jar;D:\Project\Kia3.0\00.Source\gitMavenRepository\org\junit\jupiter\junit-jupiter\5.8.2\junit-jupiter-5.8.2.jar;D:\Project\Kia3.0\00.Source\gitMavenRepository\org\junit\jupiter\junit-jupiter-api\5.8.2\junit-jupiter-api-5.8.2.jar;D:\Project\Kia3.0\00.Source\gitMavenRepository\org\opentest4j\opentest4j\1.2.0\opentest4j-1.2.0.jar;D:\Project\Kia3.0\00.Source\gitMavenRepository\org\junit\platform\junit-platform-commons\1.8.2\junit-platform-commons-1.8.2.jar;D:\Project\Kia3.0\00.Source\gitMavenRepository\org\apiguardian\apiguardian-api\1.1.2\apiguardian-api-1.1.2.jar;D:\Project\Kia3.0\00.Source\gitMavenRepository\org\junit\jupiter\junit-jupiter-params\5.8.2\junit-jupiter-params-5.8.2.jar;D:\Project\Kia3.0\00.Source\gitMavenRepository\org\junit\jupiter\junit-jupiter-engine\5.8.2\junit-jupiter-engine-5.8.2.jar;D:\Project\Kia3.0\00.Source\gitMavenRepository\org\junit\platform\junit-platform-engine\1.8.2\junit-platform-engine-1.8.2.jar;D:\Project\Kia3.0\00.Source\gitMavenRepository\org\mockito\mockito-core\4.0.0\mockito-core-4.0.0.jar;D:\Project\Kia3.0\00.Source\gitMavenRepository\net\bytebuddy\byte-buddy\1.11.22\byte-buddy-1.11.22.jar;D:\Project\Kia3.0\00.Source\gitMavenRepository\net\bytebuddy\byte-buddy-agent\1.11.22\byte-buddy-agent-1.11.22.jar;D:\Project\Kia3.0\00.Source\gitMavenRepository\org\objenesis\objenesis\3.2\objenesis-3.2.jar;D:\Project\Kia3.0\00.Source\gitMavenRepository\org\mockito\mockito-junit-jupiter\4.0.0\mockito-junit-jupiter-4.0.0.jar;D:\Project\Kia3.0\00.Source\gitMavenRepository\org\skyscreamer\jsonassert\1.5.0\jsonassert-1.5.0.jar;D:\Project\Kia3.0\00.Source\gitMavenRepository\com\vaadin\external\google\android-json\0.0.20131108.vaadin1\android-json-0.0.20131108.vaadin1.jar;D:\Project\Kia3.0\00.Source\gitMavenRepository\org\springframework\spring-core\5.3.17\spring-core-5.3.17.jar;D:\Project\Kia3.0\00.Source\gitMavenRepository\org\springframework\spring-jcl\5.3.17\spring-jcl-5.3.17.jar;D:\Project\Kia3.0\00.Source\gitMavenRepository\org\springframework\spring-test\5.3.17\spring-test-5.3.17.jar;D:\Project\Kia3.0\00.Source\gitMavenRepository\org\xmlunit\xmlunit-core\2.8.4\xmlunit-core-2.8.4.jar;D:\Project\Kia3.0\00.Source\gitMavenRepository\org\springframework\batch\spring-batch-test\4.3.5\spring-batch-test-4.3.5.jar;D:\Project\Kia3.0\00.Source\gitMavenRepository\junit\junit\4.13.2\junit-4.13.2.jar;D:\Project\Kia3.0\00.Source\gitMavenRepository\org\hamcrest\hamcrest-core\2.2\hamcrest-core-2.2.jar;D:\Project\Kia3.0\00.Source\gitMavenRepository\org\springframework\spring-jdbc\5.3.17\spring-jdbc-5.3.17.jar;"/>
    <property name="java.vm.vendor" value="Oracle Corporation"/>
    <property name="sun.arch.data.model" value="64"/>
    <property name="user.variant" value=""/>
    <property name="java.vendor.url" value="https://openjdk.java.net/"/>
    <property name="user.timezone" value="Asia/Seoul"/>
    <property name="java.vm.specification.version" value="11"/>
    <property name="os.name" value="Windows 10"/>
    <property name="sun.java.launcher" value="SUN_STANDARD"/>
    <property name="user.country" value="KR"/>
    <property name="sun.boot.library.path" value="C:\Program Files\Java\jdk-11.0.13\bin"/>
    <property name="sun.java.command" value="C:\Users\H2203737\AppData\Local\Temp\surefire6343099143898399221\surefirebooter5648778677482332229.jar C:\Users\H2203737\AppData\Local\Temp\surefire6343099143898399221 2022-03-31T11-25-29_816-jvmRun1 surefire5109465488373925784tmp surefire_07272889563476052917tmp"/>
    <property name="jdk.debug" value="release"/>
    <property name="surefire.test.class.path" value="C:\git\SpringBatch\target\test-classes;C:\git\SpringBatch\target\classes;D:\Project\Kia3.0\00.Source\gitMavenRepository\org\springframework\boot\spring-boot-starter-batch\2.6.5\spring-boot-starter-batch-2.6.5.jar;D:\Project\Kia3.0\00.Source\gitMavenRepository\org\springframework\boot\spring-boot-starter\2.6.5\spring-boot-starter-2.6.5.jar;D:\Project\Kia3.0\00.Source\gitMavenRepository\org\springframework\boot\spring-boot\2.6.5\spring-boot-2.6.5.jar;D:\Project\Kia3.0\00.Source\gitMavenRepository\org\springframework\boot\spring-boot-autoconfigure\2.6.5\spring-boot-autoconfigure-2.6.5.jar;D:\Project\Kia3.0\00.Source\gitMavenRepository\org\springframework\boot\spring-boot-starter-logging\2.6.5\spring-boot-starter-logging-2.6.5.jar;D:\Project\Kia3.0\00.Source\gitMavenRepository\ch\qos\logback\logback-classic\1.2.11\logback-classic-1.2.11.jar;D:\Project\Kia3.0\00.Source\gitMavenRepository\ch\qos\logback\logback-core\1.2.11\logback-core-1.2.11.jar;D:\Project\Kia3.0\00.Source\gitMavenRepository\org\apache\logging\log4j\log4j-to-slf4j\2.17.2\log4j-to-slf4j-2.17.2.jar;D:\Project\Kia3.0\00.Source\gitMavenRepository\org\apache\logging\log4j\log4j-api\2.17.2\log4j-api-2.17.2.jar;D:\Project\Kia3.0\00.Source\gitMavenRepository\org\slf4j\jul-to-slf4j\1.7.36\jul-to-slf4j-1.7.36.jar;D:\Project\Kia3.0\00.Source\gitMavenRepository\jakarta\annotation\jakarta.annotation-api\1.3.5\jakarta.annotation-api-1.3.5.jar;D:\Project\Kia3.0\00.Source\gitMavenRepository\org\yaml\snakeyaml\1.29\snakeyaml-1.29.jar;D:\Project\Kia3.0\00.Source\gitMavenRepository\org\springframework\boot\spring-boot-starter-jdbc\2.6.5\spring-boot-starter-jdbc-2.6.5.jar;D:\Project\Kia3.0\00.Source\gitMavenRepository\com\zaxxer\HikariCP\4.0.3\HikariCP-4.0.3.jar;D:\Project\Kia3.0\00.Source\gitMavenRepository\org\springframework\batch\spring-batch-core\4.3.5\spring-batch-core-4.3.5.jar;D:\Project\Kia3.0\00.Source\gitMavenRepository\com\fasterxml\jackson\core\jackson-databind\2.13.2\jackson-databind-2.13.2.jar;D:\Project\Kia3.0\00.Source\gitMavenRepository\com\fasterxml\jackson\core\jackson-annotations\2.13.2\jackson-annotations-2.13.2.jar;D:\Project\Kia3.0\00.Source\gitMavenRepository\com\fasterxml\jackson\core\jackson-core\2.13.2\jackson-core-2.13.2.jar;D:\Project\Kia3.0\00.Source\gitMavenRepository\io\micrometer\micrometer-core\1.8.4\micrometer-core-1.8.4.jar;D:\Project\Kia3.0\00.Source\gitMavenRepository\org\hdrhistogram\HdrHistogram\2.1.12\HdrHistogram-2.1.12.jar;D:\Project\Kia3.0\00.Source\gitMavenRepository\org\latencyutils\LatencyUtils\2.0.3\LatencyUtils-2.0.3.jar;D:\Project\Kia3.0\00.Source\gitMavenRepository\javax\batch\javax.batch-api\1.0\javax.batch-api-1.0.jar;D:\Project\Kia3.0\00.Source\gitMavenRepository\org\codehaus\jettison\jettison\1.2\jettison-1.2.jar;D:\Project\Kia3.0\00.Source\gitMavenRepository\org\springframework\batch\spring-batch-infrastructure\4.3.5\spring-batch-infrastructure-4.3.5.jar;D:\Project\Kia3.0\00.Source\gitMavenRepository\org\springframework\retry\spring-retry\1.3.2\spring-retry-1.3.2.jar;D:\Project\Kia3.0\00.Source\gitMavenRepository\org\springframework\spring-aop\5.3.17\spring-aop-5.3.17.jar;D:\Project\Kia3.0\00.Source\gitMavenRepository\org\springframework\spring-beans\5.3.17\spring-beans-5.3.17.jar;D:\Project\Kia3.0\00.Source\gitMavenRepository\org\springframework\spring-context\5.3.17\spring-context-5.3.17.jar;D:\Project\Kia3.0\00.Source\gitMavenRepository\org\springframework\spring-expression\5.3.17\spring-expression-5.3.17.jar;D:\Project\Kia3.0\00.Source\gitMavenRepository\org\springframework\spring-tx\5.3.17\spring-tx-5.3.17.jar;D:\Project\Kia3.0\00.Source\gitMavenRepository\com\h2database\h2\1.4.200\h2-1.4.200.jar;D:\Project\Kia3.0\00.Source\gitMavenRepository\org\projectlombok\lombok\1.18.22\lombok-1.18.22.jar;D:\Project\Kia3.0\00.Source\gitMavenRepository\org\springframework\boot\spring-boot-starter-test\2.6.5\spring-boot-starter-test-2.6.5.jar;D:\Project\Kia3.0\00.Source\gitMavenRepository\org\springframework\boot\spring-boot-test\2.6.5\spring-boot-test-2.6.5.jar;D:\Project\Kia3.0\00.Source\gitMavenRepository\org\springframework\boot\spring-boot-test-autoconfigure\2.6.5\spring-boot-test-autoconfigure-2.6.5.jar;D:\Project\Kia3.0\00.Source\gitMavenRepository\com\jayway\jsonpath\json-path\2.6.0\json-path-2.6.0.jar;D:\Project\Kia3.0\00.Source\gitMavenRepository\net\minidev\json-smart\2.4.8\json-smart-2.4.8.jar;D:\Project\Kia3.0\00.Source\gitMavenRepository\net\minidev\accessors-smart\2.4.8\accessors-smart-2.4.8.jar;D:\Project\Kia3.0\00.Source\gitMavenRepository\org\ow2\asm\asm\9.1\asm-9.1.jar;D:\Project\Kia3.0\00.Source\gitMavenRepository\org\slf4j\slf4j-api\1.7.36\slf4j-api-1.7.36.jar;D:\Project\Kia3.0\00.Source\gitMavenRepository\jakarta\xml\bind\jakarta.xml.bind-api\2.3.3\jakarta.xml.bind-api-2.3.3.jar;D:\Project\Kia3.0\00.Source\gitMavenRepository\jakarta\activation\jakarta.activation-api\1.2.2\jakarta.activation-api-1.2.2.jar;D:\Project\Kia3.0\00.Source\gitMavenRepository\org\assertj\assertj-core\3.21.0\assertj-core-3.21.0.jar;D:\Project\Kia3.0\00.Source\gitMavenRepository\org\hamcrest\hamcrest\2.2\hamcrest-2.2.jar;D:\Project\Kia3.0\00.Source\gitMavenRepository\org\junit\jupiter\junit-jupiter\5.8.2\junit-jupiter-5.8.2.jar;D:\Project\Kia3.0\00.Source\gitMavenRepository\org\junit\jupiter\junit-jupiter-api\5.8.2\junit-jupiter-api-5.8.2.jar;D:\Project\Kia3.0\00.Source\gitMavenRepository\org\opentest4j\opentest4j\1.2.0\opentest4j-1.2.0.jar;D:\Project\Kia3.0\00.Source\gitMavenRepository\org\junit\platform\junit-platform-commons\1.8.2\junit-platform-commons-1.8.2.jar;D:\Project\Kia3.0\00.Source\gitMavenRepository\org\apiguardian\apiguardian-api\1.1.2\apiguardian-api-1.1.2.jar;D:\Project\Kia3.0\00.Source\gitMavenRepository\org\junit\jupiter\junit-jupiter-params\5.8.2\junit-jupiter-params-5.8.2.jar;D:\Project\Kia3.0\00.Source\gitMavenRepository\org\junit\jupiter\junit-jupiter-engine\5.8.2\junit-jupiter-engine-5.8.2.jar;D:\Project\Kia3.0\00.Source\gitMavenRepository\org\junit\platform\junit-platform-engine\1.8.2\junit-platform-engine-1.8.2.jar;D:\Project\Kia3.0\00.Source\gitMavenRepository\org\mockito\mockito-core\4.0.0\mockito-core-4.0.0.jar;D:\Project\Kia3.0\00.Source\gitMavenRepository\net\bytebuddy\byte-buddy\1.11.22\byte-buddy-1.11.22.jar;D:\Project\Kia3.0\00.Source\gitMavenRepository\net\bytebuddy\byte-buddy-agent\1.11.22\byte-buddy-agent-1.11.22.jar;D:\Project\Kia3.0\00.Source\gitMavenRepository\org\objenesis\objenesis\3.2\objenesis-3.2.jar;D:\Project\Kia3.0\00.Source\gitMavenRepository\org\mockito\mockito-junit-jupiter\4.0.0\mockito-junit-jupiter-4.0.0.jar;D:\Project\Kia3.0\00.Source\gitMavenRepository\org\skyscreamer\jsonassert\1.5.0\jsonassert-1.5.0.jar;D:\Project\Kia3.0\00.Source\gitMavenRepository\com\vaadin\external\google\android-json\0.0.20131108.vaadin1\android-json-0.0.20131108.vaadin1.jar;D:\Project\Kia3.0\00.Source\gitMavenRepository\org\springframework\spring-core\5.3.17\spring-core-5.3.17.jar;D:\Project\Kia3.0\00.Source\gitMavenRepository\org\springframework\spring-jcl\5.3.17\spring-jcl-5.3.17.jar;D:\Project\Kia3.0\00.Source\gitMavenRepository\org\springframework\spring-test\5.3.17\spring-test-5.3.17.jar;D:\Project\Kia3.0\00.Source\gitMavenRepository\org\xmlunit\xmlunit-core\2.8.4\xmlunit-core-2.8.4.jar;D:\Project\Kia3.0\00.Source\gitMavenRepository\org\springframework\batch\spring-batch-test\4.3.5\spring-batch-test-4.3.5.jar;D:\Project\Kia3.0\00.Source\gitMavenRepository\junit\junit\4.13.2\junit-4.13.2.jar;D:\Project\Kia3.0\00.Source\gitMavenRepository\org\hamcrest\hamcrest-core\2.2\hamcrest-core-2.2.jar;D:\Project\Kia3.0\00.Source\gitMavenRepository\org\springframework\spring-jdbc\5.3.17\spring-jdbc-5.3.17.jar;"/>
    <property name="sun.cpu.endian" value="little"/>
    <property name="user.home" value="C:\Users\H2203737"/>
    <property name="user.language" value="ko"/>
    <property name="java.specification.vendor" value="Oracle Corporation"/>
    <property name="java.version.date" value="2021-10-19"/>
    <property name="java.home" value="C:\Program Files\Java\jdk-11.0.13"/>
    <property name="file.separator" value="\"/>
    <property name="basedir" value="C:\git\SpringBatch"/>
    <property name="java.vm.compressedOopsMode" value="Zero based"/>
    <property name="line.separator" value="&#10;"/>
    <property name="java.specification.name" value="Java Platform API Specification"/>
    <property name="java.vm.specification.vendor" value="Oracle Corporation"/>
    <property name="java.awt.graphicsenv" value="sun.awt.Win32GraphicsEnvironment"/>
    <property name="surefire.real.class.path" value="C:\Users\H2203737\AppData\Local\Temp\surefire6343099143898399221\surefirebooter5648778677482332229.jar"/>
    <property name="user.script" value=""/>
    <property name="sun.management.compiler" value="HotSpot 64-Bit Tiered Compilers"/>
    <property name="java.runtime.version" value="11.0.13+10-LTS-370"/>
    <property name="user.name" value="H2203737"/>
    <property name="path.separator" value=";"/>
    <property name="os.version" value="10.0"/>
    <property name="java.runtime.name" value="Java(TM) SE Runtime Environment"/>
    <property name="file.encoding" value="MS949"/>
    <property name="java.vm.name" value="Java HotSpot(TM) 64-Bit Server VM"/>
    <property name="java.vendor.version" value="18.9"/>
    <property name="localRepository" value="D:\Project\Kia3.0\00.Source\gitMavenRepository"/>
    <property name="java.vendor.url.bug" value="https://bugreport.java.com/bugreport/"/>
    <property name="java.io.tmpdir" value="C:\Users\H2203737\AppData\Local\Temp\"/>
    <property name="java.version" value="11.0.13"/>
    <property name="user.dir" value="C:\git\SpringBatch"/>
    <property name="os.arch" value="amd64"/>
    <property name="java.vm.specification.name" value="Java Virtual Machine Specification"/>
    <property name="java.awt.printerjob" value="sun.awt.windows.WPrinterJob"/>
    <property name="sun.os.patch.level" value=""/>
    <property name="java.library.path" value="C:\Program Files\Java\jdk-11.0.13\bin;C:\Windows\Sun\Java\bin;C:\Windows\system32;C:\Windows;C:/Program Files/Java/jre1.8.0_202/bin/server;C:/Program Files/Java/jre1.8.0_202/bin;C:/Program Files/Java/jre1.8.0_202/lib/amd64;C:\Program Files (x86)\Common Files\Oracle\Java\javapath;C:\Program Files\Common Files\Oracle\Java\javapath;C:\Windows\Softcamp\SDK;C:\Windows\Softcamp\SDS\x64;C:\Windows\Softcamp\SDS;C:\Windows\system32;C:\Windows;C:\Windows\System32\Wbem;C:\Windows\System32\WindowsPowerShell\v1.0\;C:\Windows\System32\OpenSSH\;C:\Program Files\Java\jdk-11.0.13\bin;C:\Program Files (x86)\NetSarang\Xshell 7\;C:\Program Files\Docker\Docker\resources\bin;C:\ProgramData\DockerDesktop\version-bin;D:\Project\Kia3.0\00.Source\apache-maven-3.8.5\bin;C:\Program Files\Git\cmd;C:\Users\H2203737\AppData\Local\Microsoft\WindowsApps;;D:\Project\Kia3.0\01.Utility\eclipse11;;."/>
    <property name="java.vendor" value="Oracle Corporation"/>
    <property name="java.vm.info" value="mixed mode"/>
    <property name="java.vm.version" value="11.0.13+10-LTS-370"/>
    <property name="sun.io.unicode.encoding" value="UnicodeLittle"/>
    <property name="java.class.version" value="55.0"/>
  </properties>
  <testcase name="com.example.demo.KwpInterfaceApplicationTests" classname="com.example.demo.KwpInterfaceApplicationTests" time="0.24">
    <error message="Unable to find a @SpringBootConfiguration, you need to use @ContextConfiguration or @SpringBootTest(classes=...) with your test" type="java.lang.IllegalStateException">java.lang.IllegalStateException: Unable to find a @SpringBootConfiguration, you need to use @ContextConfiguration or @SpringBootTest(classes=...) with your test
</error>
    <system-out><![CDATA[11:25:30.917 [main] DEBUG org.springframework.test.context.BootstrapUtils - Instantiating CacheAwareContextLoaderDelegate from class [org.springframework.test.context.cache.DefaultCacheAwareContextLoaderDelegate]
11:25:30.929 [main] DEBUG org.springframework.test.context.BootstrapUtils - Instantiating BootstrapContext using constructor [public org.springframework.test.context.support.DefaultBootstrapContext(java.lang.Class,org.springframework.test.context.CacheAwareContextLoaderDelegate)]
11:25:30.973 [main] DEBUG org.springframework.test.context.BootstrapUtils - Instantiating TestContextBootstrapper for test class [com.example.demo.KwpInterfaceApplicationTests] from class [org.springframework.boot.test.context.SpringBootTestContextBootstrapper]
11:25:30.984 [main] INFO org.springframework.boot.test.context.SpringBootTestContextBootstrapper - Neither @ContextConfiguration nor @ContextHierarchy found for test class [com.example.demo.KwpInterfaceApplicationTests], using SpringBootContextLoader
11:25:30.988 [main] DEBUG org.springframework.test.context.support.AbstractContextLoader - Did not detect default resource location for test class [com.example.demo.KwpInterfaceApplicationTests]: class path resource [com/example/demo/KwpInterfaceApplicationTests-context.xml] does not exist
11:25:30.989 [main] DEBUG org.springframework.test.context.support.AbstractContextLoader - Did not detect default resource location for test class [com.example.demo.KwpInterfaceApplicationTests]: class path resource [com/example/demo/KwpInterfaceApplicationTestsContext.groovy] does not exist
11:25:30.989 [main] INFO org.springframework.test.context.support.AbstractContextLoader - Could not detect default resource locations for test class [com.example.demo.KwpInterfaceApplicationTests]: no resource found for suffixes {-context.xml, Context.groovy}.
11:25:30.990 [main] INFO org.springframework.test.context.support.AnnotationConfigContextLoaderUtils - Could not detect default configuration classes for test class [com.example.demo.KwpInterfaceApplicationTests]: KwpInterfaceApplicationTests does not declare any static, non-private, non-final, nested classes annotated with @Configuration.
11:25:31.038 [main] DEBUG org.springframework.test.context.support.ActiveProfilesUtils - Could not find an 'annotation declaring class' for annotation type [org.springframework.test.context.ActiveProfiles] and class [com.example.demo.KwpInterfaceApplicationTests]
]]></system-out>
  </testcase>
</testsuite>